<?xml version="1.0" encoding="UTF-8"?>
<!-- Generated by org.testng.reporters.JUnitXMLReporter -->
<testsuite ignored="0" hostname="DESKTOP-V5HB2NV" failures="0" tests="4" name="Surefire test" time="18.308" errors="0" timestamp="2023-10-15T21:57:50 PDT">
  <testcase classname="api.Test.UserTest" name="setPostUserdata" time="7.346"/>
  <testcase classname="api.Test.UserTest" name="setPostUserdata" time="1.712"/>
  <testcase classname="api.Test.UserTest" name="setPostUserdata" time="1.591"/>
  <testcase classname="api.Test.UserTest" name="setPostUserdata" time="1.35"/>
</testsuite> <!-- Surefire test -->
