<?xml version="1.0" encoding="UTF-8"?>
<!-- Generated by org.testng.reporters.JUnitXMLReporter -->
<testsuite ignored="0" hostname="DESKTOP-V5HB2NV" failures="0" tests="4" name="Default test" time="15.561" errors="0" timestamp="2023-10-15T21:17:20 PDT">
  <testcase classname="api.Test.UserTest" name="setPostUserdata" time="6.472"/>
  <testcase classname="api.Test.UserTest" name="setPostUserdata" time="1.401"/>
  <testcase classname="api.Test.UserTest" name="setPostUserdata" time="1.366"/>
  <testcase classname="api.Test.UserTest" name="setPostUserdata" time="1.359"/>
</testsuite> <!-- Default test -->
