<?xml version="1.0" encoding="UTF-8"?>
<testng-results ignored="0" total="4" passed="4" failed="0" skipped="0">
  <reporter-output>
  </reporter-output>
  <suite started-at="2023-10-15T21:57:32 PDT" name="Surefire suite" finished-at="2023-10-15T21:57:50 PDT" duration-ms="18308">
    <groups>
    </groups>
    <test started-at="2023-10-15T21:57:32 PDT" name="Surefire test" finished-at="2023-10-15T21:57:50 PDT" duration-ms="18308">
      <class name="api.Test.UserTest">
        <test-method signature="setPostUserdata(java.lang.String,java.lang.String,java.lang.String,java.lang.String,java.lang.String,java.lang.String,java.lang.String)[pri:1, instance:api.Test.UserTest@1df82230]" started-at="2023-10-15T21:57:38 PDT" name="setPostUserdata" data-provider="Data" finished-at="2023-10-15T21:57:46 PDT" duration-ms="7346" status="PASS">
          <params>
            <param index="0">
              <value>
                <![CDATA[101]]>
              </value>
            </param>
            <param index="1">
              <value>
                <![CDATA[TilokMandloi]]>
              </value>
            </param>
            <param index="2">
              <value>
                <![CDATA[Tilok]]>
              </value>
            </param>
            <param index="3">
              <value>
                <![CDATA[Mandloi]]>
              </value>
            </param>
            <param index="4">
              <value>
                <![CDATA[tilok.mandloi@gmai.com]]>
              </value>
            </param>
            <param index="5">
              <value>
                <![CDATA[Virat123?]]>
              </value>
            </param>
            <param index="6">
              <value>
                <![CDATA[9834567890]]>
              </value>
            </param>
          </params>
          <reporter-output>
          </reporter-output>
        </test-method> <!-- setPostUserdata -->
        <test-method signature="setPostUserdata(java.lang.String,java.lang.String,java.lang.String,java.lang.String,java.lang.String,java.lang.String,java.lang.String)[pri:1, instance:api.Test.UserTest@1df82230]" started-at="2023-10-15T21:57:46 PDT" name="setPostUserdata" data-provider="Data" finished-at="2023-10-15T21:57:47 PDT" duration-ms="1712" status="PASS">
          <params>
            <param index="0">
              <value>
                <![CDATA[102]]>
              </value>
            </param>
            <param index="1">
              <value>
                <![CDATA[ViratSharma]]>
              </value>
            </param>
            <param index="2">
              <value>
                <![CDATA[Virat]]>
              </value>
            </param>
            <param index="3">
              <value>
                <![CDATA[Sharama]]>
              </value>
            </param>
            <param index="4">
              <value>
                <![CDATA[ViratSharma@gmail.com]]>
              </value>
            </param>
            <param index="5">
              <value>
                <![CDATA[Virat123?]]>
              </value>
            </param>
            <param index="6">
              <value>
                <![CDATA[9876567890]]>
              </value>
            </param>
          </params>
          <reporter-output>
          </reporter-output>
        </test-method> <!-- setPostUserdata -->
        <test-method signature="setPostUserdata(java.lang.String,java.lang.String,java.lang.String,java.lang.String,java.lang.String,java.lang.String,java.lang.String)[pri:1, instance:api.Test.UserTest@1df82230]" started-at="2023-10-15T21:57:47 PDT" name="setPostUserdata" data-provider="Data" finished-at="2023-10-15T21:57:49 PDT" duration-ms="1591" status="PASS">
          <params>
            <param index="0">
              <value>
                <![CDATA[102]]>
              </value>
            </param>
            <param index="1">
              <value>
                <![CDATA[RajaM]]>
              </value>
            </param>
            <param index="2">
              <value>
                <![CDATA[Raja]]>
              </value>
            </param>
            <param index="3">
              <value>
                <![CDATA[M]]>
              </value>
            </param>
            <param index="4">
              <value>
                <![CDATA[RajaM@gmail.com]]>
              </value>
            </param>
            <param index="5">
              <value>
                <![CDATA[Virat123?]]>
              </value>
            </param>
            <param index="6">
              <value>
                <![CDATA[9888567890]]>
              </value>
            </param>
          </params>
          <reporter-output>
          </reporter-output>
        </test-method> <!-- setPostUserdata -->
        <test-method signature="setPostUserdata(java.lang.String,java.lang.String,java.lang.String,java.lang.String,java.lang.String,java.lang.String,java.lang.String)[pri:1, instance:api.Test.UserTest@1df82230]" started-at="2023-10-15T21:57:49 PDT" name="setPostUserdata" data-provider="Data" finished-at="2023-10-15T21:57:50 PDT" duration-ms="1350" status="PASS">
          <params>
            <param index="0">
              <value>
                <![CDATA[104]]>
              </value>
            </param>
            <param index="1">
              <value>
                <![CDATA[SohanThakur]]>
              </value>
            </param>
            <param index="2">
              <value>
                <![CDATA[Sohan]]>
              </value>
            </param>
            <param index="3">
              <value>
                <![CDATA[Thakutr]]>
              </value>
            </param>
            <param index="4">
              <value>
                <![CDATA[SohanThakur@gmail.com]]>
              </value>
            </param>
            <param index="5">
              <value>
                <![CDATA[Virat123?]]>
              </value>
            </param>
            <param index="6">
              <value>
                <![CDATA[9898567890]]>
              </value>
            </param>
          </params>
          <reporter-output>
          </reporter-output>
        </test-method> <!-- setPostUserdata -->
      </class> <!-- api.Test.UserTest -->
    </test> <!-- Surefire test -->
  </suite> <!-- Surefire suite -->
</testng-results>
