<?xml version="1.0" encoding="UTF-8"?>
<testsuite xmlns:xsi="http://www.w3.org/2001/XMLSchema-instance" xsi:noNamespaceSchemaLocation="https://maven.apache.org/surefire/maven-surefire-plugin/xsd/surefire-test-report-3.0.xsd" version="3.0" name="api.Test.UserTest" time="19.923" tests="4" errors="0" skipped="0" failures="0">
  <properties>
[...]
</properties>
  <testcase name="setPostUserdata[101, TilokMandloi, Tilok, Mandloi, tilok.mandloi@gmai.com, Virat123?, 9834567890](1)" classname="api.Test.UserTest" time="7.29">
    <system-out><![CDATA[KKKKKKKKKKC:\Users\Dell\eclipse-workspace\myRestAssure\testData\mytestdata.xlsx
path C:\Users\Dell\eclipse-workspace\myRestAssure\testData\mytestdata.xlsx
rowvCount 4
path C:\Users\Dell\eclipse-workspace\myRestAssure\testData\mytestdata.xlsx
colCount 7
101
TilokMandloi
Tilok
Mandloi
tilok.mandloi@gmai.com
Virat123?
9834567890
102
ViratSharma
Virat
Sharama
ViratSharma@gmail.com
Virat123?
9876567890
102
RajaM
Raja
M
RajaM@gmail.com
Virat123?
9888567890
104
SohanThakur
Sohan
Thakutr
SohanThakur@gmail.com
Virat123?
9898567890
HTTP/1.1 200 OK
Date: Sun, 15 Oct 2023 16:28:03 GMT
Content-Type: application/json
Transfer-Encoding: chunked
Connection: keep-alive
Access-Control-Allow-Origin: *
Access-Control-Allow-Methods: GET, POST, DELETE, PUT
Access-Control-Allow-Headers: Content-Type, api_key, Authorization
Server: Jetty(9.2.9.v20150224)

{
    "code": 200,
    "type": "unknown",
    "message": "101"
}
]]></system-out>
    <system-err><![CDATA[SLF4J: Failed to load class "org.slf4j.impl.StaticLoggerBinder".
SLF4J: Defaulting to no-operation (NOP) logger implementation
SLF4J: See http://www.slf4j.org/codes.html#StaticLoggerBinder for further details.
ERROR StatusLogger Log4j2 could not find a logging implementation. Please add log4j-core to the classpath. Using SimpleLogger to log to the console...
]]></system-err>
  </testcase>
  <testcase name="setPostUserdata[102, ViratSharma, Virat, Sharama, ViratSharma@gmail.com, Virat123?, 9876567890](2)" classname="api.Test.UserTest" time="1.765">
    <system-out><![CDATA[HTTP/1.1 200 OK
Date: Sun, 15 Oct 2023 16:28:05 GMT
Content-Type: application/json
Transfer-Encoding: chunked
Connection: keep-alive
Access-Control-Allow-Origin: *
Access-Control-Allow-Methods: GET, POST, DELETE, PUT
Access-Control-Allow-Headers: Content-Type, api_key, Authorization
Server: Jetty(9.2.9.v20150224)

{
    "code": 200,
    "type": "unknown",
    "message": "102"
}
]]></system-out>
  </testcase>
  <testcase name="setPostUserdata[102, RajaM, Raja, M, RajaM@gmail.com, Virat123?, 9888567890](3)" classname="api.Test.UserTest" time="1.573">
    <system-out><![CDATA[HTTP/1.1 200 OK
Date: Sun, 15 Oct 2023 16:28:06 GMT
Content-Type: application/json
Transfer-Encoding: chunked
Connection: keep-alive
Access-Control-Allow-Origin: *
Access-Control-Allow-Methods: GET, POST, DELETE, PUT
Access-Control-Allow-Headers: Content-Type, api_key, Authorization
Server: Jetty(9.2.9.v20150224)

{
    "code": 200,
    "type": "unknown",
    "message": "102"
}
]]></system-out>
  </testcase>
  <testcase name="setPostUserdata[104, SohanThakur, Sohan, Thakutr, SohanThakur@gmail.com, Virat123?, 9898567890](4)" classname="api.Test.UserTest" time="1.337">
    <system-out><![CDATA[HTTP/1.1 200 OK
Date: Sun, 15 Oct 2023 16:28:08 GMT
Content-Type: application/json
Transfer-Encoding: chunked
Connection: keep-alive
Access-Control-Allow-Origin: *
Access-Control-Allow-Methods: GET, POST, DELETE, PUT
Access-Control-Allow-Headers: Content-Type, api_key, Authorization
Server: Jetty(9.2.9.v20150224)

{
    "code": 200,
    "type": "unknown",
    "message": "104"
}
]]></system-out>
  </testcase>
</testsuite>