<?xml version="1.0" encoding="UTF-8"?>
<testng-results ignored="0" total="4" passed="4" failed="0" skipped="0">
  <reporter-output>
  </reporter-output>
  <suite started-at="2023-10-15T21:17:04 PDT" name="Default suite" finished-at="2023-10-15T21:17:20 PDT" duration-ms="15561">
    <groups>
    </groups>
    <test started-at="2023-10-15T21:17:04 PDT" name="Default test" finished-at="2023-10-15T21:17:20 PDT" duration-ms="15561">
      <class name="api.Test.UserTest">
        <test-method signature="setPostUserdata(java.lang.String,java.lang.String,java.lang.String,java.lang.String,java.lang.String,java.lang.String,java.lang.String)[pri:1, instance:api.Test.UserTest@12aba8be]" started-at="2023-10-15T21:17:09 PDT" name="setPostUserdata" data-provider="Data" finished-at="2023-10-15T21:17:16 PDT" duration-ms="6472" status="PASS">
          <params>
            <param index="0">
              <value>
                <![CDATA[101]]>
              </value>
            </param>
            <param index="1">
              <value>
                <![CDATA[TilokMandloi]]>
              </value>
            </param>
            <param index="2">
              <value>
                <![CDATA[Tilok]]>
              </value>
            </param>
            <param index="3">
              <value>
                <![CDATA[Mandloi]]>
              </value>
            </param>
            <param index="4">
              <value>
                <![CDATA[tilok.mandloi@gmai.com]]>
              </value>
            </param>
            <param index="5">
              <value>
                <![CDATA[Virat123?]]>
              </value>
            </param>
            <param index="6">
              <value>
                <![CDATA[9834567890]]>
              </value>
            </param>
          </params>
          <reporter-output>
          </reporter-output>
        </test-method> <!-- setPostUserdata -->
        <test-method signature="setPostUserdata(java.lang.String,java.lang.String,java.lang.String,java.lang.String,java.lang.String,java.lang.String,java.lang.String)[pri:1, instance:api.Test.UserTest@12aba8be]" started-at="2023-10-15T21:17:16 PDT" name="setPostUserdata" data-provider="Data" finished-at="2023-10-15T21:17:17 PDT" duration-ms="1401" status="PASS">
          <params>
            <param index="0">
              <value>
                <![CDATA[102]]>
              </value>
            </param>
            <param index="1">
              <value>
                <![CDATA[ViratSharma]]>
              </value>
            </param>
            <param index="2">
              <value>
                <![CDATA[Virat]]>
              </value>
            </param>
            <param index="3">
              <value>
                <![CDATA[Sharama]]>
              </value>
            </param>
            <param index="4">
              <value>
                <![CDATA[ViratSharma@gmail.com]]>
              </value>
            </param>
            <param index="5">
              <value>
                <![CDATA[Virat123?]]>
              </value>
            </param>
            <param index="6">
              <value>
                <![CDATA[9876567890]]>
              </value>
            </param>
          </params>
          <reporter-output>
          </reporter-output>
        </test-method> <!-- setPostUserdata -->
        <test-method signature="setPostUserdata(java.lang.String,java.lang.String,java.lang.String,java.lang.String,java.lang.String,java.lang.String,java.lang.String)[pri:1, instance:api.Test.UserTest@12aba8be]" started-at="2023-10-15T21:17:17 PDT" name="setPostUserdata" data-provider="Data" finished-at="2023-10-15T21:17:18 PDT" duration-ms="1366" status="PASS">
          <params>
            <param index="0">
              <value>
                <![CDATA[102]]>
              </value>
            </param>
            <param index="1">
              <value>
                <![CDATA[RajaM]]>
              </value>
            </param>
            <param index="2">
              <value>
                <![CDATA[Raja]]>
              </value>
            </param>
            <param index="3">
              <value>
                <![CDATA[M]]>
              </value>
            </param>
            <param index="4">
              <value>
                <![CDATA[RajaM@gmail.com]]>
              </value>
            </param>
            <param index="5">
              <value>
                <![CDATA[Virat123?]]>
              </value>
            </param>
            <param index="6">
              <value>
                <![CDATA[9888567890]]>
              </value>
            </param>
          </params>
          <reporter-output>
          </reporter-output>
        </test-method> <!-- setPostUserdata -->
        <test-method signature="setPostUserdata(java.lang.String,java.lang.String,java.lang.String,java.lang.String,java.lang.String,java.lang.String,java.lang.String)[pri:1, instance:api.Test.UserTest@12aba8be]" started-at="2023-10-15T21:17:18 PDT" name="setPostUserdata" data-provider="Data" finished-at="2023-10-15T21:17:20 PDT" duration-ms="1359" status="PASS">
          <params>
            <param index="0">
              <value>
                <![CDATA[104]]>
              </value>
            </param>
            <param index="1">
              <value>
                <![CDATA[SohanThakur]]>
              </value>
            </param>
            <param index="2">
              <value>
                <![CDATA[Sohan]]>
              </value>
            </param>
            <param index="3">
              <value>
                <![CDATA[Thakutr]]>
              </value>
            </param>
            <param index="4">
              <value>
                <![CDATA[SohanThakur@gmail.com]]>
              </value>
            </param>
            <param index="5">
              <value>
                <![CDATA[Virat123?]]>
              </value>
            </param>
            <param index="6">
              <value>
                <![CDATA[9898567890]]>
              </value>
            </param>
          </params>
          <reporter-output>
          </reporter-output>
        </test-method> <!-- setPostUserdata -->
      </class> <!-- api.Test.UserTest -->
    </test> <!-- Default test -->
  </suite> <!-- Default suite -->
</testng-results>
